Using pre-set license
Built from '2020.3/release' branch; Version is '2020.3.2f1 (8fd9074bf66c) revision 9427207'; Using compiler version '192528614'; Build Type 'Release'
OS: 'Windows 10 Home; OS build 19042.867; Version 2009; 64bit' Language: 'ko' Physical Memory: 8082 MB
BatchMode: 1, IsHumanControllingUs: 0, StartBugReporterOnCrash: 0, Is64bit: 1, IsPro: 0

 COMMAND LINE ARGUMENTS:
C:\Program Files\Unity\Hub\Editor\2020.3.2f1\Editor\Unity.exe
-adb2
-batchMode
-noUpm
-name
AssetImportWorker0
-projectPath
C:/Users/jjony/Quest
-logFile
Logs/AssetImportWorker0.log
-srvPort
63263
Successfully changed project path to: C:/Users/jjony/Quest
C:/Users/jjony/Quest
Using Asset Import Pipeline V2.
Refreshing native plugins compatible for Editor in 34.89 ms, found 3 plugins.
Preloading 1 native plugins for Editor in 0.85 ms.
Initialize engine version: 2020.3.2f1 (8fd9074bf66c)
[Subsystems] Discovering subsystems at path C:/Program Files/Unity/Hub/Editor/2020.3.2f1/Editor/Data/Resources/UnitySubsystems
[Subsystems] Discovering subsystems at path C:/Users/jjony/Quest/Assets
GfxDevice: creating device client; threaded=0
Direct3D:
    Version:  Direct3D 11.0 [level 11.1]
    Renderer: NVIDIA GeForce GTX 1650 with Max-Q Design (ID=0x1f91)
    Vendor:   
    VRAM:     3962 MB
    Driver:   27.21.14.5167
Initialize mono
Mono path[0] = 'C:/Program Files/Unity/Hub/Editor/2020.3.2f1/Editor/Data/Managed'
Mono path[1] = 'C:/Program Files/Unity/Hub/Editor/2020.3.2f1/Editor/Data/MonoBleedingEdge/lib/mono/unityjit'
Mono config path = 'C:/Program Files/Unity/Hub/Editor/2020.3.2f1/Editor/Data/MonoBleedingEdge/etc'
Using monoOptions --debugger-agent=transport=dt_socket,embedding=1,server=y,suspend=n,address=127.0.0.1:56764
Begin MonoManager ReloadAssembly
Registering precompiled unity dll's ...
Register platform support module: C:/Program Files/Unity/Hub/Editor/2020.3.2f1/Editor/Data/PlaybackEngines/WindowsStandaloneSupport/UnityEditor.WindowsStandalone.Extensions.dll
Registered in 0.003991 seconds.
Native extension for WindowsStandalone target not found
Refreshing native plugins compatible for Editor in 39.92 ms, found 3 plugins.
Preloading 1 native plugins for Editor in 0.13 ms.
Invoked RoslynAnalysisRunner static constructor.
RoslynAnalysisRunner will not be running.
RoslynAnalysisRunner has terminated.
Mono: successfully reloaded assembly
- Completed reload, in  1.482 seconds
Platform modules already initialized, skipping
Registering precompiled user dll's ...
Registered in 0.004738 seconds.
Begin MonoManager ReloadAssembly
Native extension for WindowsStandalone target not found
Refreshing native plugins compatible for Editor in 46.72 ms, found 3 plugins.
Preloading 1 native plugins for Editor in 0.12 ms.
Invoked RoslynAnalysisRunner static constructor.
RoslynAnalysisRunner will not be running.
RoslynAnalysisRunner has terminated.
[XR] OculusXRPlugin: registering subsystems
[XR] Unable to register display lifecyle provider: [1]
[XR] Oculus Input lifecycle provider registered.
[XR] Unable to register input lifecyle provider: [1]
NullReferenceException: Object reference not set to an instance of an object
  at Unity.XR.Oculus.OculusLoader.AssetPathToAbsolutePath (System.String assetPath) [0x00048] in C:\Users\jjony\Quest\Library\PackageCache\com.unity.xr.oculus@1.8.1\Runtime\OculusLoader.cs:243 
  at Unity.XR.Oculus.OculusLoader.EditorLoadOVRPlugin () [0x0007b] in C:\Users\jjony\Quest\Library\PackageCache\com.unity.xr.oculus@1.8.1\Runtime\OculusLoader.cs:228 

(Filename: Library/PackageCache/com.unity.xr.oculus@1.8.1/Runtime/OculusLoader.cs Line: 243)

Mono: successfully reloaded assembly
- Completed reload, in  1.311 seconds
Platform modules already initialized, skipping
========================================================================
Worker process is ready to serve import requests
Launched and connected shader compiler UnityShaderCompiler.exe after 0.05 seconds
Refreshing native plugins compatible for Editor in 0.69 ms, found 3 plugins.
Preloading 1 native plugins for Editor in 0.15 ms.
Unloading 1644 Unused Serialized files (Serialized files now loaded: 0)
System memory in use before: 74.8 MB.
System memory in use after: 74.8 MB.

Unloading 12 unused Assets to reduce memory usage. Loaded Objects now: 2090.
Total: 3.091200 ms (FindLiveObjects: 0.500900 ms CreateObjectMapping: 0.271300 ms MarkObjects: 2.243900 ms  DeleteObjects: 0.073300 ms)

========================================================================
Received Import Request.
  path: Assets/Meterials
  artifactKey: Guid(4307c7c7e75780b4084de616ce586c31) Importer(815301076,1909f56bfc062723c751e8b465ee728b)
Start importing Assets/Meterials using Guid(4307c7c7e75780b4084de616ce586c31) Importer(815301076,1909f56bfc062723c751e8b465ee728b)  -> (artifact id: '112eb9b3a2a7ce59840fbbc0138404f9') in 0.013142 seconds
  Import took 0.017018 seconds .

========================================================================
Received Import Request.
  Time since last request: 8.712496 seconds.
  path: Assets/Meterials/New Material.mat
  artifactKey: Guid(7944ceaf970a0854cb61e0fe49002466) Importer(815301076,1909f56bfc062723c751e8b465ee728b)
Start importing Assets/Meterials/New Material.mat using Guid(7944ceaf970a0854cb61e0fe49002466) Importer(815301076,1909f56bfc062723c751e8b465ee728b)  -> (artifact id: '7b35e1ee31a29a0ef6a339f86d86e04e') in 0.336255 seconds
  Import took 0.341104 seconds .

========================================================================
Received Import Request.
  Time since last request: 33.641020 seconds.
  path: Assets/scripts
  artifactKey: Guid(d47e0fba796667349a05241f58d331d0) Importer(815301076,1909f56bfc062723c751e8b465ee728b)
Start importing Assets/scripts using Guid(d47e0fba796667349a05241f58d331d0) Importer(815301076,1909f56bfc062723c751e8b465ee728b)  -> (artifact id: '5b4f3def30ff1f6381750d11ecdf0490') in 0.011390 seconds
  Import took 0.017865 seconds .

========================================================================
Received Import Request.
  Time since last request: 7.472435 seconds.
  path: Assets/Scripts
  artifactKey: Guid(d47e0fba796667349a05241f58d331d0) Importer(815301076,1909f56bfc062723c751e8b465ee728b)
Start importing Assets/Scripts using Guid(d47e0fba796667349a05241f58d331d0) Importer(815301076,1909f56bfc062723c751e8b465ee728b)  -> (artifact id: '239e67713c8e11003fba5ce7dae28792') in 0.013616 seconds
  Import took 0.017425 seconds .

========================================================================
Received Import Request.
  Time since last request: 1945.726541 seconds.
  path: Assets/Prefabs
  artifactKey: Guid(a10496f05b79604448fa6a1c42a3e767) Importer(815301076,1909f56bfc062723c751e8b465ee728b)
Start importing Assets/Prefabs using Guid(a10496f05b79604448fa6a1c42a3e767) Importer(815301076,1909f56bfc062723c751e8b465ee728b)  -> (artifact id: '7f96eb15ded0eb575cb15e8dac900846') in 0.010184 seconds
  Import took 0.015020 seconds .

========================================================================
Received Import Request.
  Time since last request: 4.032387 seconds.
  path: Assets/Prefabs/Cube Hand.prefab
  artifactKey: Guid(914c6a134e57ead46a0449879fc83a65) Importer(815301076,1909f56bfc062723c751e8b465ee728b)
Start importing Assets/Prefabs/Cube Hand.prefab using Guid(914c6a134e57ead46a0449879fc83a65) Importer(815301076,1909f56bfc062723c751e8b465ee728b)  -> (artifact id: 'c799fc9fcd7d5914fcb93f167ca2fc51') in 0.047248 seconds
  Import took 0.051482 seconds .

========================================================================
Received Import Request.
  Time since last request: 26.904040 seconds.
  path: Assets/Prefabs/Cube Hand.prefab
  artifactKey: Guid(914c6a134e57ead46a0449879fc83a65) Importer(815301076,1909f56bfc062723c751e8b465ee728b)
Start importing Assets/Prefabs/Cube Hand.prefab using Guid(914c6a134e57ead46a0449879fc83a65) Importer(815301076,1909f56bfc062723c751e8b465ee728b)  -> (artifact id: '4d962a2ffa6835d247988830d1b11801') in 0.018754 seconds
  Import took 0.022392 seconds .

========================================================================
Received Import Request.
  Time since last request: 77.300947 seconds.
  path: Assets/Prefabs/Controller Prefab.prefab
  artifactKey: Guid(8c52be38bc229d44395e1730c4ce4b55) Importer(815301076,1909f56bfc062723c751e8b465ee728b)
Start importing Assets/Prefabs/Controller Prefab.prefab using Guid(8c52be38bc229d44395e1730c4ce4b55) Importer(815301076,1909f56bfc062723c751e8b465ee728b)  -> (artifact id: '7d1912735329cfc0eed2fdc844023ad8') in 0.024588 seconds
  Import took 0.028195 seconds .

========================================================================
Received Import Request.
  Time since last request: 0.003482 seconds.
  path: Assets/Prefabs/Controller Prefab.prefab
  artifactKey: Guid(8c52be38bc229d44395e1730c4ce4b55) Importer(815301076,1909f56bfc062723c751e8b465ee728b)
Start importing Assets/Prefabs/Controller Prefab.prefab using Guid(8c52be38bc229d44395e1730c4ce4b55) Importer(815301076,1909f56bfc062723c751e8b465ee728b)  -> (artifact id: '7d1912735329cfc0eed2fdc844023ad8') in 0.011666 seconds
  Import took 0.016819 seconds .

========================================================================
Received Prepare
Registering precompiled user dll's ...
Registered in 0.007853 seconds.
Begin MonoManager ReloadAssembly
Native extension for WindowsStandalone target not found
Refreshing native plugins compatible for Editor in 0.58 ms, found 3 plugins.
Preloading 1 native plugins for Editor in 0.10 ms.
Invoked RoslynAnalysisRunner static constructor.
RoslynAnalysisRunner will not be running.
RoslynAnalysisRunner has terminated.
NullReferenceException: Object reference not set to an instance of an object
  at Unity.XR.Oculus.OculusLoader.AssetPathToAbsolutePath (System.String assetPath) [0x00048] in C:\Users\jjony\Quest\Library\PackageCache\com.unity.xr.oculus@1.8.1\Runtime\OculusLoader.cs:243 
  at Unity.XR.Oculus.OculusLoader.EditorLoadOVRPlugin () [0x0007b] in C:\Users\jjony\Quest\Library\PackageCache\com.unity.xr.oculus@1.8.1\Runtime\OculusLoader.cs:228 

(Filename: Library/PackageCache/com.unity.xr.oculus@1.8.1/Runtime/OculusLoader.cs Line: 243)

Mono: successfully reloaded assembly
- Completed reload, in  0.840 seconds
Platform modules already initialized, skipping
Refreshing native plugins compatible for Editor in 0.35 ms, found 3 plugins.
Preloading 1 native plugins for Editor in 0.12 ms.
Unloading 1627 Unused Serialized files (Serialized files now loaded: 0)
System memory in use before: 77.9 MB.
System memory in use after: 78.0 MB.

Unloading 7 unused Assets to reduce memory usage. Loaded Objects now: 2135.
Total: 2.144700 ms (FindLiveObjects: 0.384000 ms CreateObjectMapping: 0.100600 ms MarkObjects: 1.640600 ms  DeleteObjects: 0.018200 ms)

========================================================================
Received Import Request.
  Time since last request: 338.722951 seconds.
  path: Assets/Scripts/CustomController.cs
  artifactKey: Guid(4bd16c9dd9a02014c9b3a2729336a176) Importer(815301076,1909f56bfc062723c751e8b465ee728b)
Start importing Assets/Scripts/CustomController.cs using Guid(4bd16c9dd9a02014c9b3a2729336a176) Importer(815301076,1909f56bfc062723c751e8b465ee728b)  -> (artifact id: '45f0639c7cfdc7a72086268b0d3951db') in 0.018669 seconds
  Import took 0.022292 seconds .

========================================================================
Received Import Request.
  Time since last request: 0.008746 seconds.
  path: Assets/Scripts/CustomController.cs
  artifactKey: Guid(4bd16c9dd9a02014c9b3a2729336a176) Importer(815301076,1909f56bfc062723c751e8b465ee728b)
Start importing Assets/Scripts/CustomController.cs using Guid(4bd16c9dd9a02014c9b3a2729336a176) Importer(815301076,1909f56bfc062723c751e8b465ee728b)  -> (artifact id: '45f0639c7cfdc7a72086268b0d3951db') in 0.005532 seconds
  Import took 0.011456 seconds .

========================================================================
Received Prepare
Registering precompiled user dll's ...
Registered in 0.004132 seconds.
Begin MonoManager ReloadAssembly
Native extension for WindowsStandalone target not found
Refreshing native plugins compatible for Editor in 0.35 ms, found 3 plugins.
Preloading 1 native plugins for Editor in 0.08 ms.
Invoked RoslynAnalysisRunner static constructor.
RoslynAnalysisRunner will not be running.
RoslynAnalysisRunner has terminated.
NullReferenceException: Object reference not set to an instance of an object
  at Unity.XR.Oculus.OculusLoader.AssetPathToAbsolutePath (System.String assetPath) [0x00048] in C:\Users\jjony\Quest\Library\PackageCache\com.unity.xr.oculus@1.8.1\Runtime\OculusLoader.cs:243 
  at Unity.XR.Oculus.OculusLoader.EditorLoadOVRPlugin () [0x0007b] in C:\Users\jjony\Quest\Library\PackageCache\com.unity.xr.oculus@1.8.1\Runtime\OculusLoader.cs:228 

(Filename: Library/PackageCache/com.unity.xr.oculus@1.8.1/Runtime/OculusLoader.cs Line: 243)

Mono: successfully reloaded assembly
- Completed reload, in  0.936 seconds
Platform modules already initialized, skipping
Refreshing native plugins compatible for Editor in 0.35 ms, found 3 plugins.
Preloading 1 native plugins for Editor in 0.08 ms.
Unloading 1628 Unused Serialized files (Serialized files now loaded: 0)
System memory in use before: 78.9 MB.
System memory in use after: 79.0 MB.

Unloading 6 unused Assets to reduce memory usage. Loaded Objects now: 2140.
Total: 2.940100 ms (FindLiveObjects: 0.424500 ms CreateObjectMapping: 0.113700 ms MarkObjects: 2.379200 ms  DeleteObjects: 0.020700 ms)

========================================================================
Received Prepare
Registering precompiled user dll's ...
Registered in 0.422361 seconds.
Begin MonoManager ReloadAssembly
Native extension for WindowsStandalone target not found
Refreshing native plugins compatible for Editor in 0.40 ms, found 3 plugins.
Preloading 1 native plugins for Editor in 0.11 ms.
Invoked RoslynAnalysisRunner static constructor.
RoslynAnalysisRunner will not be running.
RoslynAnalysisRunner has terminated.
NullReferenceException: Object reference not set to an instance of an object
  at Unity.XR.Oculus.OculusLoader.AssetPathToAbsolutePath (System.String assetPath) [0x00048] in C:\Users\jjony\Quest\Library\PackageCache\com.unity.xr.oculus@1.8.1\Runtime\OculusLoader.cs:243 
  at Unity.XR.Oculus.OculusLoader.EditorLoadOVRPlugin () [0x0007b] in C:\Users\jjony\Quest\Library\PackageCache\com.unity.xr.oculus@1.8.1\Runtime\OculusLoader.cs:228 

(Filename: Library/PackageCache/com.unity.xr.oculus@1.8.1/Runtime/OculusLoader.cs Line: 243)

Mono: successfully reloaded assembly
- Completed reload, in  1.041 seconds
Platform modules already initialized, skipping
Refreshing native plugins compatible for Editor in 0.38 ms, found 3 plugins.
Preloading 1 native plugins for Editor in 0.14 ms.
Unloading 1628 Unused Serialized files (Serialized files now loaded: 0)
System memory in use before: 78.9 MB.
System memory in use after: 79.0 MB.

Unloading 6 unused Assets to reduce memory usage. Loaded Objects now: 2144.
Total: 2.431800 ms (FindLiveObjects: 0.430300 ms CreateObjectMapping: 0.103900 ms MarkObjects: 1.880300 ms  DeleteObjects: 0.015300 ms)

========================================================================
Received Import Request.
  Time since last request: 910.538780 seconds.
  path: Assets/Scripts/CustomController.cs
  artifactKey: Guid(4bd16c9dd9a02014c9b3a2729336a176) Importer(815301076,1909f56bfc062723c751e8b465ee728b)
Start importing Assets/Scripts/CustomController.cs using Guid(4bd16c9dd9a02014c9b3a2729336a176) Importer(815301076,1909f56bfc062723c751e8b465ee728b)  -> (artifact id: '00e2f465e435323c19417cb4c3e9d66a') in 0.013952 seconds
  Import took 0.017826 seconds .

========================================================================
Received Import Request.
  Time since last request: 171.193428 seconds.
  path: Packages/com.unity.ext.nunit/package.json
  artifactKey: Guid(8143d3a8390f2c64685e3bc272bd9e90) Importer(815301076,1909f56bfc062723c751e8b465ee728b)
Start importing Packages/com.unity.ext.nunit/package.json using Guid(8143d3a8390f2c64685e3bc272bd9e90) Importer(815301076,1909f56bfc062723c751e8b465ee728b)  -> (artifact id: '71ca8d9074a00b9885f806022cb74598') in 0.030902 seconds
  Import took 0.035275 seconds .

========================================================================
Received Import Request.
  Time since last request: 0.659698 seconds.
  path: Packages/com.unity.inputsystem/package.json
  artifactKey: Guid(f0e14ea80f96b445f97b1c83650d5733) Importer(815301076,1909f56bfc062723c751e8b465ee728b)
Start importing Packages/com.unity.inputsystem/package.json using Guid(f0e14ea80f96b445f97b1c83650d5733) Importer(815301076,1909f56bfc062723c751e8b465ee728b)  -> (artifact id: '10539fd1e7fbd7e6dd7e70aaec701607') in 0.019021 seconds
  Import took 0.022266 seconds .

========================================================================
Received Import Request.
  Time since last request: 0.541173 seconds.
  path: Packages/com.unity.xr.oculus/package.json
  artifactKey: Guid(8cf6f256af772d24eab8f4be77c7fe43) Importer(815301076,1909f56bfc062723c751e8b465ee728b)
Start importing Packages/com.unity.xr.oculus/package.json using Guid(8cf6f256af772d24eab8f4be77c7fe43) Importer(815301076,1909f56bfc062723c751e8b465ee728b)  -> (artifact id: 'e3df2a5dbedba731f941cc1e6a0432b6') in 0.010989 seconds
  Import took 0.014912 seconds .

========================================================================
Received Import Request.
  Time since last request: 0.819545 seconds.
  path: Packages/com.unity.subsystemregistration/package.json
  artifactKey: Guid(39ae12a67d2824dda9cb95e774ab4ab1) Importer(815301076,1909f56bfc062723c751e8b465ee728b)
Start importing Packages/com.unity.subsystemregistration/package.json using Guid(39ae12a67d2824dda9cb95e774ab4ab1) Importer(815301076,1909f56bfc062723c751e8b465ee728b)  -> (artifact id: 'bce7d62dfae08bdbb9f1ecb8eafe4fed') in 0.009586 seconds
  Import took 0.013588 seconds .

========================================================================
Received Import Request.
  Time since last request: 0.606846 seconds.
  path: Packages/com.unity.test-framework/package.json
  artifactKey: Guid(d6a2e6e4803de7b43baacdc355fc144d) Importer(815301076,1909f56bfc062723c751e8b465ee728b)
Start importing Packages/com.unity.test-framework/package.json using Guid(d6a2e6e4803de7b43baacdc355fc144d) Importer(815301076,1909f56bfc062723c751e8b465ee728b)  -> (artifact id: 'a36350009e1dfdd2eadd46a65f3c21d4') in 0.017867 seconds
  Import took 0.021737 seconds .

========================================================================
Received Import Request.
  Time since last request: 0.476526 seconds.
  path: Packages/com.unity.textmeshpro/package.json
  artifactKey: Guid(220e9325710f4235a43492dd1ee4980d) Importer(815301076,1909f56bfc062723c751e8b465ee728b)
Start importing Packages/com.unity.textmeshpro/package.json using Guid(220e9325710f4235a43492dd1ee4980d) Importer(815301076,1909f56bfc062723c751e8b465ee728b)  -> (artifact id: '3467a73199ab36fd2b6da5132c2c70bd') in 0.011771 seconds
  Import took 0.016143 seconds .

========================================================================
Received Import Request.
  Time since last request: 0.570255 seconds.
  path: Packages/com.unity.timeline/package.json
  artifactKey: Guid(13a9c1b4df2e489e8eb9cacca7429596) Importer(815301076,1909f56bfc062723c751e8b465ee728b)
Start importing Packages/com.unity.timeline/package.json using Guid(13a9c1b4df2e489e8eb9cacca7429596) Importer(815301076,1909f56bfc062723c751e8b465ee728b)  -> (artifact id: 'fe2619dc5342b8bafb2a8d2fd09d0710') in 0.018407 seconds
  Import took 0.023028 seconds .

========================================================================
Received Import Request.
  Time since last request: 0.961308 seconds.
  path: Packages/com.unity.ugui/package.json
  artifactKey: Guid(319b8889f363f5947acf209c17a94149) Importer(815301076,1909f56bfc062723c751e8b465ee728b)
Start importing Packages/com.unity.ugui/package.json using Guid(319b8889f363f5947acf209c17a94149) Importer(815301076,1909f56bfc062723c751e8b465ee728b)  -> (artifact id: '8695a2bd7e5c599d38e5f18d984f1e9c') in 0.010172 seconds
  Import took 0.013626 seconds .

========================================================================
Received Import Request.
  Time since last request: 0.335308 seconds.
  path: Packages/com.unity.collab-proxy/package.json
  artifactKey: Guid(743fda8c4b219c8429fb5a77ede1c879) Importer(815301076,1909f56bfc062723c751e8b465ee728b)
Start importing Packages/com.unity.collab-proxy/package.json using Guid(743fda8c4b219c8429fb5a77ede1c879) Importer(815301076,1909f56bfc062723c751e8b465ee728b)  -> (artifact id: 'f1baded94fc04e39ea6be6aea0cfd5b6') in 0.017628 seconds
  Import took 0.021170 seconds .

========================================================================
Received Import Request.
  Time since last request: 0.367202 seconds.
  path: Packages/com.unity.ide.visualstudio/package.json
  artifactKey: Guid(656f74f6edaa396458412b9e3903d8cd) Importer(815301076,1909f56bfc062723c751e8b465ee728b)
Start importing Packages/com.unity.ide.visualstudio/package.json using Guid(656f74f6edaa396458412b9e3903d8cd) Importer(815301076,1909f56bfc062723c751e8b465ee728b)  -> (artifact id: 'a482cc2a8552ce9c346454ced970bb10') in 0.019719 seconds
  Import took 0.023422 seconds .

========================================================================
Received Import Request.
  Time since last request: 0.723545 seconds.
  path: Packages/com.unity.xr.legacyinputhelpers/package.json
  artifactKey: Guid(d16ab7e2b2998ad4c9729d86bb9aa666) Importer(815301076,1909f56bfc062723c751e8b465ee728b)
Start importing Packages/com.unity.xr.legacyinputhelpers/package.json using Guid(d16ab7e2b2998ad4c9729d86bb9aa666) Importer(815301076,1909f56bfc062723c751e8b465ee728b)  -> (artifact id: '27fd5b1bce189ccc434708e670e0c644') in 0.009814 seconds
  Import took 0.012881 seconds .

========================================================================
Received Import Request.
  Time since last request: 0.331496 seconds.
  path: Packages/com.unity.xr.interaction.toolkit/package.json
  artifactKey: Guid(fac9fb4ad804244e0911f21e340a3d5b) Importer(815301076,1909f56bfc062723c751e8b465ee728b)
Start importing Packages/com.unity.xr.interaction.toolkit/package.json using Guid(fac9fb4ad804244e0911f21e340a3d5b) Importer(815301076,1909f56bfc062723c751e8b465ee728b)  -> (artifact id: '8b716f6271d1d56564006111381b94fc') in 0.020829 seconds
  Import took 0.023825 seconds .

========================================================================
Received Import Request.
  Time since last request: 0.388628 seconds.
  path: Packages/com.unity.xr.management/package.json
  artifactKey: Guid(a8437ae6df3ab4de78c661f8e1148bbb) Importer(815301076,1909f56bfc062723c751e8b465ee728b)
Start importing Packages/com.unity.xr.management/package.json using Guid(a8437ae6df3ab4de78c661f8e1148bbb) Importer(815301076,1909f56bfc062723c751e8b465ee728b)  -> (artifact id: '6e15100f3429167ff8cba9779ce7457c') in 0.018808 seconds
  Import took 0.022578 seconds .

========================================================================
Received Import Request.
  Time since last request: 10.292291 seconds.
  path: Assets/VR Controllers Models/Default Controller.prefab
  artifactKey: Guid(0540e32b498ef284f8e1dcf80dfccd58) Importer(815301076,1909f56bfc062723c751e8b465ee728b)
Start importing Assets/VR Controllers Models/Default Controller.prefab using Guid(0540e32b498ef284f8e1dcf80dfccd58) Importer(815301076,1909f56bfc062723c751e8b465ee728b)  -> (artifact id: '8ec06bbae24d347a4b90f6060d31e60a') in 0.066557 seconds
  Import took 0.071401 seconds .

========================================================================
Received Import Request.
  Time since last request: 0.000299 seconds.
  path: Assets/VR Controllers Models/Oculus Quest Controller - Left.prefab
  artifactKey: Guid(c836783e3928a624e9ff9c70d4f21606) Importer(815301076,1909f56bfc062723c751e8b465ee728b)
Start importing Assets/VR Controllers Models/Oculus Quest Controller - Left.prefab using Guid(c836783e3928a624e9ff9c70d4f21606) Importer(815301076,1909f56bfc062723c751e8b465ee728b)  -> (artifact id: '629f683fdb64624ad2bd18b00741b799') in 0.064266 seconds
  Import took 0.067179 seconds .

========================================================================
Received Import Request.
  Time since last request: 0.000266 seconds.
  path: Assets/VR Controllers Models/OpenVR Controller(Knuckles DV Left) - Left.prefab
  artifactKey: Guid(542a6345c56bbcd41b92f421fac57d92) Importer(815301076,1909f56bfc062723c751e8b465ee728b)
Start importing Assets/VR Controllers Models/OpenVR Controller(Knuckles DV Left) - Left.prefab using Guid(542a6345c56bbcd41b92f421fac57d92) Importer(815301076,1909f56bfc062723c751e8b465ee728b)  -> (artifact id: '6fcde357ae500338975655c0e5e3a5cc') in 0.249962 seconds
  Import took 0.253841 seconds .

========================================================================
Received Import Request.
  Time since last request: 0.000243 seconds.
  path: Assets/VR Controllers Models/Oculus Quest Controller - Right.prefab
  artifactKey: Guid(cfa8dc06d611ba340b06bbefba58ee46) Importer(815301076,1909f56bfc062723c751e8b465ee728b)
Start importing Assets/VR Controllers Models/Oculus Quest Controller - Right.prefab using Guid(cfa8dc06d611ba340b06bbefba58ee46) Importer(815301076,1909f56bfc062723c751e8b465ee728b)  -> (artifact id: 'd3829b441a06d1bbd87f3fae5997d9c3') in 0.068613 seconds
  Import took 0.072222 seconds .

========================================================================
Received Import Request.
  Time since last request: 0.000282 seconds.
  path: Assets/VR Controllers Models/Oculus Touch Controller - Right.prefab
  artifactKey: Guid(0efe8147fc0009d4ea3039b2374d927c) Importer(815301076,1909f56bfc062723c751e8b465ee728b)
Start importing Assets/VR Controllers Models/Oculus Touch Controller - Right.prefab using Guid(0efe8147fc0009d4ea3039b2374d927c) Importer(815301076,1909f56bfc062723c751e8b465ee728b)  -> (artifact id: 'deacc412cd7e9f1b8a3a69c99bca6138') in 0.075716 seconds
  Import took 0.080091 seconds .

========================================================================
Received Import Request.
  Time since last request: 0.000209 seconds.
  path: Assets/VR Controllers Models/Oculus Touch Controller - Left.prefab
  artifactKey: Guid(b2ec64201e9ec6c4ba155691307536cb) Importer(815301076,1909f56bfc062723c751e8b465ee728b)
Start importing Assets/VR Controllers Models/Oculus Touch Controller - Left.prefab using Guid(b2ec64201e9ec6c4ba155691307536cb) Importer(815301076,1909f56bfc062723c751e8b465ee728b)  -> (artifact id: 'c67a653a7c1b15645260122b2e633c23') in 0.059428 seconds
  Import took 0.062808 seconds .

========================================================================
Received Import Request.
  Time since last request: 3.316064 seconds.
  path: Assets/VR Controllers Models/OpenVR Controller(Knuckles DV Right) - Right.prefab
  artifactKey: Guid(aafefdd564a300c4d93806fdc271c41f) Importer(815301076,1909f56bfc062723c751e8b465ee728b)
Start importing Assets/VR Controllers Models/OpenVR Controller(Knuckles DV Right) - Right.prefab using Guid(aafefdd564a300c4d93806fdc271c41f) Importer(815301076,1909f56bfc062723c751e8b465ee728b)  -> (artifact id: '28c0700013a474bd803c329738e32f21') in 0.051839 seconds
  Import took 0.055041 seconds .

========================================================================
Received Import Request.
  Time since last request: 0.000318 seconds.
  path: Assets/VR Controllers Models/OpenVR Controller(Vive Controller MV) - Left.prefab
  artifactKey: Guid(c4b9c875ed967534eb12cd57aeeb1183) Importer(815301076,1909f56bfc062723c751e8b465ee728b)
Start importing Assets/VR Controllers Models/OpenVR Controller(Vive Controller MV) - Left.prefab using Guid(c4b9c875ed967534eb12cd57aeeb1183) Importer(815301076,1909f56bfc062723c751e8b465ee728b)  -> (artifact id: '5754887daa5f4f6f7d245686be043712') in 0.097381 seconds
  Import took 0.100624 seconds .

========================================================================
Received Import Request.
  Time since last request: 1.099321 seconds.
  path: Assets/VR Controllers Models/OpenVR Controller(Vive Controller MV) - Right.prefab
  artifactKey: Guid(61e60013ce1d7d942b8975c98fdf8154) Importer(815301076,1909f56bfc062723c751e8b465ee728b)
Start importing Assets/VR Controllers Models/OpenVR Controller(Vive Controller MV) - Right.prefab using Guid(61e60013ce1d7d942b8975c98fdf8154) Importer(815301076,1909f56bfc062723c751e8b465ee728b)  -> (artifact id: '4c0571e87df16a7cef31c339861131d4') in 0.054254 seconds
  Import took 0.058834 seconds .

========================================================================
Received Import Request.
  Time since last request: 20.884044 seconds.
  path: Assets/VR Controllers Models/Default Controllers
  artifactKey: Guid(021911be2ef74ac4a8f0d9428a2137d8) Importer(815301076,1909f56bfc062723c751e8b465ee728b)
Start importing Assets/VR Controllers Models/Default Controllers using Guid(021911be2ef74ac4a8f0d9428a2137d8) Importer(815301076,1909f56bfc062723c751e8b465ee728b)  -> (artifact id: 'ec7dd6bbf7715f60ed026f67fe23a217') in 0.013074 seconds
  Import took 0.027091 seconds .

========================================================================
Received Import Request.
  Time since last request: 0.041325 seconds.
  path: Assets/VR Controllers Models/Default Controllers/Default Controller.obj
  artifactKey: Guid(3ad3c8a0cd60ccd489485ec2973dd9bf) Importer(815301076,1909f56bfc062723c751e8b465ee728b)
Start importing Assets/VR Controllers Models/Default Controllers/Default Controller.obj using Guid(3ad3c8a0cd60ccd489485ec2973dd9bf) Importer(815301076,1909f56bfc062723c751e8b465ee728b)  -> (artifact id: '5efe6552fa2b5c8535abc1f5022b87a1') in 0.196670 seconds
  Import took 0.200477 seconds .

========================================================================
Received Import Request.
  Time since last request: 10.142397 seconds.
  path: Assets/VR Controllers Models/Oculus Controllers/oculus_cv1_controller_left/external_controller01.psd
  artifactKey: Guid(2e8838c7949d4994bbd74a2a87d3e9c4) Importer(815301076,1909f56bfc062723c751e8b465ee728b)
Start importing Assets/VR Controllers Models/Oculus Controllers/oculus_cv1_controller_left/external_controller01.psd using Guid(2e8838c7949d4994bbd74a2a87d3e9c4) Importer(815301076,1909f56bfc062723c751e8b465ee728b)  -> (artifact id: '42ce12d359a260f062ddf476022a0724') in 0.038859 seconds
  Import took 0.041933 seconds .

========================================================================
Received Import Request.
  Time since last request: 0.000367 seconds.
  path: Assets/VR Controllers Models/Oculus Controllers/oculus_cv1_controller_left/external_controller01_col.png
  artifactKey: Guid(3250cf1496074bf4db55f2ce2a36bfc1) Importer(815301076,1909f56bfc062723c751e8b465ee728b)
Start importing Assets/VR Controllers Models/Oculus Controllers/oculus_cv1_controller_left/external_controller01_col.png using Guid(3250cf1496074bf4db55f2ce2a36bfc1) Importer(815301076,1909f56bfc062723c751e8b465ee728b)  -> (artifact id: '8fb271a80c01249b62f28cf50301dee2') in 0.035023 seconds
  Import took 0.039605 seconds .

========================================================================
Received Import Request.
  Time since last request: 0.000278 seconds.
  path: Assets/VR Controllers Models/Oculus Controllers/oculus_cv1_controller_left/oculus_cv1_controller_left.obj
  artifactKey: Guid(a0080df8c0c15724d954d8a5b0e9a592) Importer(815301076,1909f56bfc062723c751e8b465ee728b)
Start importing Assets/VR Controllers Models/Oculus Controllers/oculus_cv1_controller_left/oculus_cv1_controller_left.obj using Guid(a0080df8c0c15724d954d8a5b0e9a592) Importer(815301076,1909f56bfc062723c751e8b465ee728b)  -> (artifact id: 'f8ba25fe1cb8f9a4b55dc6fe11394220') in 0.047518 seconds
  Import took 0.051571 seconds .

========================================================================
Received Import Request.
  Time since last request: 0.000317 seconds.
  path: Assets/VR Controllers Models/Oculus Controllers/oculus_cv1_controller_left/external_controller01_spec.png
  artifactKey: Guid(940969f12bcdb164ea9c7b0238167281) Importer(815301076,1909f56bfc062723c751e8b465ee728b)
Start importing Assets/VR Controllers Models/Oculus Controllers/oculus_cv1_controller_left/external_controller01_spec.png using Guid(940969f12bcdb164ea9c7b0238167281) Importer(815301076,1909f56bfc062723c751e8b465ee728b)  -> (artifact id: 'f61b074dd87df9f213ea48b37c6d5fd2') in 0.040254 seconds
  Import took 0.043148 seconds .

========================================================================
Received Import Request.
  Time since last request: 1.200176 seconds.
  path: Assets/VR Controllers Models/Oculus Controllers/oculus_rifts_controller_left/left_diff.png
  artifactKey: Guid(f3caf4cf6d83d5f4fb828409233c82c5) Importer(815301076,1909f56bfc062723c751e8b465ee728b)
Start importing Assets/VR Controllers Models/Oculus Controllers/oculus_rifts_controller_left/left_diff.png using Guid(f3caf4cf6d83d5f4fb828409233c82c5) Importer(815301076,1909f56bfc062723c751e8b465ee728b)  -> (artifact id: '15a5ca4ff99c0d432241f1a66d403704') in 0.019459 seconds
  Import took 0.022580 seconds .

========================================================================
Received Import Request.
  Time since last request: 0.000318 seconds.
  path: Assets/VR Controllers Models/Oculus Controllers/oculus_rifts_controller_left/oculusriftscontleft.mat
  artifactKey: Guid(04267dafa4c3044999d11f582052670f) Importer(815301076,1909f56bfc062723c751e8b465ee728b)
Start importing Assets/VR Controllers Models/Oculus Controllers/oculus_rifts_controller_left/oculusriftscontleft.mat using Guid(04267dafa4c3044999d11f582052670f) Importer(815301076,1909f56bfc062723c751e8b465ee728b)  -> (artifact id: '4d78fad3334ec7f0961d674a416db796') in 0.031388 seconds
  Import took 0.034489 seconds .

========================================================================
Received Import Request.
  Time since last request: 0.000273 seconds.
  path: Assets/VR Controllers Models/Oculus Controllers/oculus_rifts_controller_left/left_spec.png
  artifactKey: Guid(535bb8663160cbd4aa25a675770cce9c) Importer(815301076,1909f56bfc062723c751e8b465ee728b)
Start importing Assets/VR Controllers Models/Oculus Controllers/oculus_rifts_controller_left/left_spec.png using Guid(535bb8663160cbd4aa25a675770cce9c) Importer(815301076,1909f56bfc062723c751e8b465ee728b)  -> (artifact id: 'a0d22a401d9374918c8a5a0ca430f4cd') in 0.037554 seconds
  Import took 0.040711 seconds .

========================================================================
Received Import Request.
  Time since last request: 0.000246 seconds.
  path: Assets/VR Controllers Models/Oculus Controllers/oculus_rifts_controller_left/oculus_rifts_controller_left.obj
  artifactKey: Guid(a80f072576863f64d88a418ce0403b4d) Importer(815301076,1909f56bfc062723c751e8b465ee728b)
Start importing Assets/VR Controllers Models/Oculus Controllers/oculus_rifts_controller_left/oculus_rifts_controller_left.obj using Guid(a80f072576863f64d88a418ce0403b4d) Importer(815301076,1909f56bfc062723c751e8b465ee728b)  -> (artifact id: '948176b71abb0558614b1dea0afcf2a6') in 0.039629 seconds
  Import took 0.042822 seconds .

========================================================================
Received Import Request.
  Time since last request: 0.004733 seconds.
  path: Assets/VR Controllers Models/Oculus Controllers/oculus_rifts_controller_left/oculus_rifts_controller_left.obj
  artifactKey: Guid(a80f072576863f64d88a418ce0403b4d) Importer(815301076,1909f56bfc062723c751e8b465ee728b)
Start importing Assets/VR Controllers Models/Oculus Controllers/oculus_rifts_controller_left/oculus_rifts_controller_left.obj using Guid(a80f072576863f64d88a418ce0403b4d) Importer(815301076,1909f56bfc062723c751e8b465ee728b)  -> (artifact id: '948176b71abb0558614b1dea0afcf2a6') in 0.032629 seconds
  Import took 0.035950 seconds .

========================================================================
Received Import Request.
  Time since last request: 2.024003 seconds.
  path: Assets/VR Controllers Models/Oculus Controllers/oculus_rifts_controller_right/oculus_rifts_controller_right.obj
  artifactKey: Guid(115d751b184b79946acb67c5c52446a6) Importer(815301076,1909f56bfc062723c751e8b465ee728b)
Start importing Assets/VR Controllers Models/Oculus Controllers/oculus_rifts_controller_right/oculus_rifts_controller_right.obj using Guid(115d751b184b79946acb67c5c52446a6) Importer(815301076,1909f56bfc062723c751e8b465ee728b)  -> (artifact id: '6a670cd0306e915a2f4e40170177e300') in 0.038450 seconds
  Import took 0.042136 seconds .

========================================================================
Received Import Request.
  Time since last request: 0.000304 seconds.
  path: Assets/VR Controllers Models/Oculus Controllers/oculus_rifts_controller_right/oculus_rifts_controller_right_thumbnail.png
  artifactKey: Guid(989e468e15d033a4295f9cf51f4d17ff) Importer(815301076,1909f56bfc062723c751e8b465ee728b)
Start importing Assets/VR Controllers Models/Oculus Controllers/oculus_rifts_controller_right/oculus_rifts_controller_right_thumbnail.png using Guid(989e468e15d033a4295f9cf51f4d17ff) Importer(815301076,1909f56bfc062723c751e8b465ee728b)  -> (artifact id: '625394c9f98b7be7d0852999ab4a8761') in 0.029870 seconds
  Import took 0.034190 seconds .

========================================================================
Received Import Request.
  Time since last request: 0.000452 seconds.
  path: Assets/VR Controllers Models/Oculus Controllers/oculus_rifts_controller_right/right_spec.png
  artifactKey: Guid(1629d9dbdcc5f62429f53a13c4bce9df) Importer(815301076,1909f56bfc062723c751e8b465ee728b)
Start importing Assets/VR Controllers Models/Oculus Controllers/oculus_rifts_controller_right/right_spec.png using Guid(1629d9dbdcc5f62429f53a13c4bce9df) Importer(815301076,1909f56bfc062723c751e8b465ee728b)  -> (artifact id: 'e56024f64e18e7d8c1510f8be16f3ea3') in 0.038925 seconds
  Import took 0.044103 seconds .

========================================================================
Received Import Request.
  Time since last request: 0.000291 seconds.
  path: Assets/VR Controllers Models/Oculus Controllers/oculus_rifts_controller_right/oculus_rifts_controller_right_thumbnail.png
  artifactKey: Guid(989e468e15d033a4295f9cf51f4d17ff) Importer(815301076,1909f56bfc062723c751e8b465ee728b)
Start importing Assets/VR Controllers Models/Oculus Controllers/oculus_rifts_controller_right/oculus_rifts_controller_right_thumbnail.png using Guid(989e468e15d033a4295f9cf51f4d17ff) Importer(815301076,1909f56bfc062723c751e8b465ee728b)  -> (artifact id: '625394c9f98b7be7d0852999ab4a8761') in 0.013948 seconds
  Import took 0.019073 seconds .

========================================================================
Received Import Request.
  Time since last request: 0.000282 seconds.
  path: Assets/VR Controllers Models/Oculus Controllers/oculus_rifts_controller_right/right_diff.png
  artifactKey: Guid(ead54d05e5c31864ca6c239f54fe962d) Importer(815301076,1909f56bfc062723c751e8b465ee728b)
Start importing Assets/VR Controllers Models/Oculus Controllers/oculus_rifts_controller_right/right_diff.png using Guid(ead54d05e5c31864ca6c239f54fe962d) Importer(815301076,1909f56bfc062723c751e8b465ee728b)  -> (artifact id: '7c9f3afd7a832aa64b356ef634b0ea37') in 0.029766 seconds
  Import took 0.034304 seconds .

========================================================================
Received Import Request.
  Time since last request: 7.671268 seconds.
  path: Assets/VR Controllers Models/Vive Controllers/Materials/Vive Controller.mat
  artifactKey: Guid(0910f96655140ba4e8b16bc71b8e92a5) Importer(815301076,1909f56bfc062723c751e8b465ee728b)
Start importing Assets/VR Controllers Models/Vive Controllers/Materials/Vive Controller.mat using Guid(0910f96655140ba4e8b16bc71b8e92a5) Importer(815301076,1909f56bfc062723c751e8b465ee728b)  -> (artifact id: '5368b6a2b8d74213ceac7f3a1b050f22') in 0.034633 seconds
  Import took 0.037594 seconds .

========================================================================
Received Import Request.
  Time since last request: 0.527017 seconds.
  path: Assets/VR Controllers Models/Vive Controllers/Models/vr_controller_vive_1_5.obj
  artifactKey: Guid(b165cfd94b7c7584c960a16f595bbc5e) Importer(815301076,1909f56bfc062723c751e8b465ee728b)
Start importing Assets/VR Controllers Models/Vive Controllers/Models/vr_controller_vive_1_5.obj using Guid(b165cfd94b7c7584c960a16f595bbc5e) Importer(815301076,1909f56bfc062723c751e8b465ee728b)  -> (artifact id: '622d203c7d61a2c2eaaecb0455774e73') in 0.033885 seconds
  Import took 0.036982 seconds .

========================================================================
Received Import Request.
  Time since last request: 0.633167 seconds.
  path: Assets/VR Controllers Models/Vive Controllers/Textures/onepointfive_occ_bake.tga
  artifactKey: Guid(75071a01a7e49c14981957db73825c88) Importer(815301076,1909f56bfc062723c751e8b465ee728b)
Start importing Assets/VR Controllers Models/Vive Controllers/Textures/onepointfive_occ_bake.tga using Guid(75071a01a7e49c14981957db73825c88) Importer(815301076,1909f56bfc062723c751e8b465ee728b)  -> (artifact id: '46b430926740d1443b5f84ed7b3df8db') in 0.028596 seconds
  Import took 0.031915 seconds .

========================================================================
Received Import Request.
  Time since last request: 0.000321 seconds.
  path: Assets/VR Controllers Models/Vive Controllers/Textures/onepointfive_spec.png
  artifactKey: Guid(309ce0a3103b4d8459a30e849cb1d013) Importer(815301076,1909f56bfc062723c751e8b465ee728b)
Start importing Assets/VR Controllers Models/Vive Controllers/Textures/onepointfive_spec.png using Guid(309ce0a3103b4d8459a30e849cb1d013) Importer(815301076,1909f56bfc062723c751e8b465ee728b)  -> (artifact id: 'b6eb9eac985798ae0130352c8e1ef7f5') in 0.032942 seconds
  Import took 0.036238 seconds .

========================================================================
Received Import Request.
  Time since last request: 0.000318 seconds.
  path: Assets/VR Controllers Models/Vive Controllers/Textures/onepointfive_texture.psd
  artifactKey: Guid(e707a5041c96166428d6aaef3e5c6c53) Importer(815301076,1909f56bfc062723c751e8b465ee728b)
Start importing Assets/VR Controllers Models/Vive Controllers/Textures/onepointfive_texture.psd using Guid(e707a5041c96166428d6aaef3e5c6c53) Importer(815301076,1909f56bfc062723c751e8b465ee728b)  -> (artifact id: 'bf58074bf1c78d34eaefab21da023814') in 0.023604 seconds
  Import took 0.030125 seconds .

========================================================================
Received Import Request.
  Time since last request: 0.005476 seconds.
  path: Assets/VR Controllers Models/Vive Controllers/Textures/onepointfive_texture.psd
  artifactKey: Guid(e707a5041c96166428d6aaef3e5c6c53) Importer(815301076,1909f56bfc062723c751e8b465ee728b)
Start importing Assets/VR Controllers Models/Vive Controllers/Textures/onepointfive_texture.psd using Guid(e707a5041c96166428d6aaef3e5c6c53) Importer(815301076,1909f56bfc062723c751e8b465ee728b)  -> (artifact id: 'bf58074bf1c78d34eaefab21da023814') in 0.022051 seconds
  Import took 0.028720 seconds .

========================================================================
Received Prepare
Registering precompiled user dll's ...
Registered in 0.009827 seconds.
Begin MonoManager ReloadAssembly
Native extension for WindowsStandalone target not found
Refreshing native plugins compatible for Editor in 0.43 ms, found 3 plugins.
Preloading 1 native plugins for Editor in 0.12 ms.
Invoked RoslynAnalysisRunner static constructor.
RoslynAnalysisRunner will not be running.
RoslynAnalysisRunner has terminated.
NullReferenceException: Object reference not set to an instance of an object
  at Unity.XR.Oculus.OculusLoader.AssetPathToAbsolutePath (System.String assetPath) [0x00048] in C:\Users\jjony\Quest\Library\PackageCache\com.unity.xr.oculus@1.8.1\Runtime\OculusLoader.cs:243 
  at Unity.XR.Oculus.OculusLoader.EditorLoadOVRPlugin () [0x0007b] in C:\Users\jjony\Quest\Library\PackageCache\com.unity.xr.oculus@1.8.1\Runtime\OculusLoader.cs:228 

(Filename: Library/PackageCache/com.unity.xr.oculus@1.8.1/Runtime/OculusLoader.cs Line: 243)

Mono: successfully reloaded assembly
- Completed reload, in  1.181 seconds
Platform modules already initialized, skipping
Refreshing native plugins compatible for Editor in 0.46 ms, found 3 plugins.
Preloading 1 native plugins for Editor in 0.10 ms.
Unloading 1628 Unused Serialized files (Serialized files now loaded: 0)
System memory in use before: 79.2 MB.
System memory in use after: 79.3 MB.

Unloading 6 unused Assets to reduce memory usage. Loaded Objects now: 2154.
Total: 2.256400 ms (FindLiveObjects: 0.320200 ms CreateObjectMapping: 0.089600 ms MarkObjects: 1.829900 ms  DeleteObjects: 0.014900 ms)

========================================================================
Received Prepare
Registering precompiled user dll's ...
Registered in 0.004191 seconds.
Begin MonoManager ReloadAssembly
Native extension for WindowsStandalone target not found
Refreshing native plugins compatible for Editor in 0.51 ms, found 3 plugins.
Preloading 1 native plugins for Editor in 0.13 ms.
Invoked RoslynAnalysisRunner static constructor.
RoslynAnalysisRunner will not be running.
RoslynAnalysisRunner has terminated.
NullReferenceException: Object reference not set to an instance of an object
  at Unity.XR.Oculus.OculusLoader.AssetPathToAbsolutePath (System.String assetPath) [0x00048] in C:\Users\jjony\Quest\Library\PackageCache\com.unity.xr.oculus@1.8.1\Runtime\OculusLoader.cs:243 
  at Unity.XR.Oculus.OculusLoader.EditorLoadOVRPlugin () [0x0007b] in C:\Users\jjony\Quest\Library\PackageCache\com.unity.xr.oculus@1.8.1\Runtime\OculusLoader.cs:228 

(Filename: Library/PackageCache/com.unity.xr.oculus@1.8.1/Runtime/OculusLoader.cs Line: 243)

Mono: successfully reloaded assembly
- Completed reload, in  1.274 seconds
Platform modules already initialized, skipping
Refreshing native plugins compatible for Editor in 0.48 ms, found 3 plugins.
Preloading 1 native plugins for Editor in 0.11 ms.
Unloading 1628 Unused Serialized files (Serialized files now loaded: 0)
System memory in use before: 79.2 MB.
System memory in use after: 79.3 MB.

Unloading 6 unused Assets to reduce memory usage. Loaded Objects now: 2158.
Total: 2.401200 ms (FindLiveObjects: 0.335800 ms CreateObjectMapping: 0.098800 ms MarkObjects: 1.943000 ms  DeleteObjects: 0.021400 ms)

========================================================================
Received Prepare
Registering precompiled user dll's ...
Registered in 0.007143 seconds.
Begin MonoManager ReloadAssembly
Native extension for WindowsStandalone target not found
Refreshing native plugins compatible for Editor in 0.65 ms, found 3 plugins.
Preloading 1 native plugins for Editor in 0.13 ms.
Invoked RoslynAnalysisRunner static constructor.
RoslynAnalysisRunner will not be running.
RoslynAnalysisRunner has terminated.
NullReferenceException: Object reference not set to an instance of an object
  at Unity.XR.Oculus.OculusLoader.AssetPathToAbsolutePath (System.String assetPath) [0x00048] in C:\Users\jjony\Quest\Library\PackageCache\com.unity.xr.oculus@1.8.1\Runtime\OculusLoader.cs:243 
  at Unity.XR.Oculus.OculusLoader.EditorLoadOVRPlugin () [0x0007b] in C:\Users\jjony\Quest\Library\PackageCache\com.unity.xr.oculus@1.8.1\Runtime\OculusLoader.cs:228 

(Filename: Library/PackageCache/com.unity.xr.oculus@1.8.1/Runtime/OculusLoader.cs Line: 243)

Mono: successfully reloaded assembly
- Completed reload, in  1.077 seconds
Platform modules already initialized, skipping
Refreshing native plugins compatible for Editor in 0.40 ms, found 3 plugins.
Preloading 1 native plugins for Editor in 0.10 ms.
Unloading 1628 Unused Serialized files (Serialized files now loaded: 0)
System memory in use before: 79.2 MB.
System memory in use after: 79.3 MB.

Unloading 6 unused Assets to reduce memory usage. Loaded Objects now: 2162.
Total: 2.172800 ms (FindLiveObjects: 0.223800 ms CreateObjectMapping: 0.069900 ms MarkObjects: 1.859300 ms  DeleteObjects: 0.018600 ms)

========================================================================
Received Import Request.
  Time since last request: 2243.420895 seconds.
  path: Assets/Animators/Left Hand Animator.controller
  artifactKey: Guid(a86c647d98eadb54ab39005dae423738) Importer(815301076,1909f56bfc062723c751e8b465ee728b)
Start importing Assets/Animators/Left Hand Animator.controller using Guid(a86c647d98eadb54ab39005dae423738) Importer(815301076,1909f56bfc062723c751e8b465ee728b)  -> (artifact id: '971844911d4f46920f7ad020bb5013e2') in 0.027295 seconds
  Import took 0.030961 seconds .

========================================================================
Received Import Request.
  Time since last request: 28.565376 seconds.
  path: Assets/Oculus Hands/Prefabs/Right Hand Model.prefab
  artifactKey: Guid(a916d738cadb40740ae4da3eddbd40f4) Importer(815301076,1909f56bfc062723c751e8b465ee728b)
Start importing Assets/Oculus Hands/Prefabs/Right Hand Model.prefab using Guid(a916d738cadb40740ae4da3eddbd40f4) Importer(815301076,1909f56bfc062723c751e8b465ee728b)  -> (artifact id: 'aee6a371b474cd3dde993a8dc6130e71') in 0.365550 seconds
  Import took 0.371281 seconds .

========================================================================
Received Prepare
Registering precompiled user dll's ...
Registered in 0.004989 seconds.
Begin MonoManager ReloadAssembly
Native extension for WindowsStandalone target not found
Refreshing native plugins compatible for Editor in 0.43 ms, found 3 plugins.
Preloading 1 native plugins for Editor in 0.12 ms.
Invoked RoslynAnalysisRunner static constructor.
RoslynAnalysisRunner will not be running.
RoslynAnalysisRunner has terminated.
NullReferenceException: Object reference not set to an instance of an object
  at Unity.XR.Oculus.OculusLoader.AssetPathToAbsolutePath (System.String assetPath) [0x00048] in C:\Users\jjony\Quest\Library\PackageCache\com.unity.xr.oculus@1.8.1\Runtime\OculusLoader.cs:243 
  at Unity.XR.Oculus.OculusLoader.EditorLoadOVRPlugin () [0x0007b] in C:\Users\jjony\Quest\Library\PackageCache\com.unity.xr.oculus@1.8.1\Runtime\OculusLoader.cs:228 

(Filename: Library/PackageCache/com.unity.xr.oculus@1.8.1/Runtime/OculusLoader.cs Line: 243)

Mono: successfully reloaded assembly
- Completed reload, in  1.161 seconds
Platform modules already initialized, skipping
Refreshing native plugins compatible for Editor in 0.43 ms, found 3 plugins.
Preloading 1 native plugins for Editor in 0.10 ms.
Unloading 1628 Unused Serialized files (Serialized files now loaded: 0)
System memory in use before: 92.8 MB.
System memory in use after: 92.9 MB.

Unloading 6 unused Assets to reduce memory usage. Loaded Objects now: 2168.
Total: 2.213700 ms (FindLiveObjects: 0.276600 ms CreateObjectMapping: 0.091100 ms MarkObjects: 1.825600 ms  DeleteObjects: 0.019500 ms)

========================================================================
Received Prepare
Registering precompiled user dll's ...
Registered in 0.005307 seconds.
Begin MonoManager ReloadAssembly
Native extension for WindowsStandalone target not found
Refreshing native plugins compatible for Editor in 0.40 ms, found 3 plugins.
Preloading 1 native plugins for Editor in 0.11 ms.
Invoked RoslynAnalysisRunner static constructor.
RoslynAnalysisRunner will not be running.
RoslynAnalysisRunner has terminated.
NullReferenceException: Object reference not set to an instance of an object
  at Unity.XR.Oculus.OculusLoader.AssetPathToAbsolutePath (System.String assetPath) [0x00048] in C:\Users\jjony\Quest\Library\PackageCache\com.unity.xr.oculus@1.8.1\Runtime\OculusLoader.cs:243 
  at Unity.XR.Oculus.OculusLoader.EditorLoadOVRPlugin () [0x0007b] in C:\Users\jjony\Quest\Library\PackageCache\com.unity.xr.oculus@1.8.1\Runtime\OculusLoader.cs:228 

(Filename: Library/PackageCache/com.unity.xr.oculus@1.8.1/Runtime/OculusLoader.cs Line: 243)

Mono: successfully reloaded assembly
- Completed reload, in  1.021 seconds
Platform modules already initialized, skipping
Refreshing native plugins compatible for Editor in 0.40 ms, found 3 plugins.
Preloading 1 native plugins for Editor in 0.10 ms.
Unloading 1628 Unused Serialized files (Serialized files now loaded: 0)
System memory in use before: 92.8 MB.
System memory in use after: 92.9 MB.

Unloading 6 unused Assets to reduce memory usage. Loaded Objects now: 2172.
Total: 2.388500 ms (FindLiveObjects: 0.285700 ms CreateObjectMapping: 0.080900 ms MarkObjects: 2.003500 ms  DeleteObjects: 0.016800 ms)

========================================================================
Received Import Request.
  Time since last request: 1744.867845 seconds.
  path: Assets/Meterials/New Physic Material.physicMaterial
  artifactKey: Guid(8fe454d1d331ffb49b441cc24d22911c) Importer(815301076,1909f56bfc062723c751e8b465ee728b)
Start importing Assets/Meterials/New Physic Material.physicMaterial using Guid(8fe454d1d331ffb49b441cc24d22911c) Importer(815301076,1909f56bfc062723c751e8b465ee728b)  -> (artifact id: '1e44cad41e72d58e661895aab0738a8b') in 0.029271 seconds
  Import took 0.033320 seconds .

AssetImportWorkerClient::OnTransportError - code=2 error=End of file
